<?xml version="1.0" encoding="UTF-8"?>
<!-- Generated by org.testng.reporters.JUnitReportReporter -->
<testsuite hostname="LAPTOP-O73HPBRJ" failures="0" tests="3" name="com.test.TestNgBasics" time="0.058" errors="0" timestamp="2022-05-31T11:17:29 CDT" skipped="0">
  <testcase classname="com.test.TestNgBasics" name="googleLogoTest" time="0.031"/>
  <system-out/>
  <testcase classname="com.test.TestNgBasics" name="googleTitleTest" time="0.013"/>
  <system-out/>
  <testcase classname="com.test.TestNgBasics" name="searchTest" time="0.014"/>
  <system-out/>
</testsuite> <!-- com.test.TestNgBasics -->
